<?xml version="1.0" encoding="UTF-8"?>
<!-- Generated by org.testng.reporters.JUnitReportReporter -->
<testsuite skipped="0" hostname="VYMO-IT-LPT-118.local" name="feature1.F11" tests="1" failures="0" timestamp="2020-06-02T07:24:39 IST" time="1.692" errors="0">
  <testcase name="test" time="1.692" classname="feature1.F11"/>
  <system-out/>
</testsuite> <!-- feature1.F11 -->
